  [1m[36m (33.8ms)[0m  [1mCREATE TABLE "schema_migrations" ("version" character varying(255) NOT NULL) [0m
  [1m[35m (7.5ms)[0m  CREATE UNIQUE INDEX  "unique_schema_migrations" ON "schema_migrations"  ("version")
  [1m[36mActiveRecord::SchemaMigration Load (0.5ms)[0m  [1mSELECT "schema_migrations".* FROM "schema_migrations"[0m
Migrating to CreateCompanies (20161219002028)
  [1m[35m (0.2ms)[0m  BEGIN
  [1m[36m (28.8ms)[0m  [1mCREATE TABLE "companies" ("id" serial primary key, "name" character varying(255), "phone" character varying(255), "street" character varying(255), "city" character varying(255), "state" character varying(255), "zip" integer, "created_at" timestamp, "updated_at" timestamp) [0m
  [1m[35mSQL (0.5ms)[0m  INSERT INTO "schema_migrations" ("version") VALUES ($1)  [["version", "20161219002028"]]
  [1m[36m (6.3ms)[0m  [1mCOMMIT[0m
Migrating to CreateUsers (20161219002117)
  [1m[35m (6.2ms)[0m  BEGIN
  [1m[36m (8.9ms)[0m  [1mCREATE TABLE "users" ("id" serial primary key, "first" character varying(255), "last" character varying(255), "phone" character varying(255), "email" character varying(255), "password_digest" character varying(255), "company_id" integer, "created_at" timestamp, "updated_at" timestamp) [0m
  [1m[35m (3.0ms)[0m  CREATE  INDEX  "index_users_on_company_id" ON "users"  ("company_id")
  [1m[36mSQL (0.3ms)[0m  [1mINSERT INTO "schema_migrations" ("version") VALUES ($1)[0m  [["version", "20161219002117"]]
  [1m[35m (2.2ms)[0m  COMMIT
Migrating to CreateOrders (20161219002140)
  [1m[36m (0.3ms)[0m  [1mBEGIN[0m
  [1m[35m (2.2ms)[0m  CREATE TABLE "orders" ("id" serial primary key, "user_id" integer, "company_id" integer, "created_at" timestamp, "updated_at" timestamp) 
  [1m[36m (2.8ms)[0m  [1mCREATE  INDEX  "index_orders_on_user_id" ON "orders"  ("user_id")[0m
  [1m[35m (2.9ms)[0m  CREATE  INDEX  "index_orders_on_company_id" ON "orders"  ("company_id")
  [1m[36mSQL (0.7ms)[0m  [1mINSERT INTO "schema_migrations" ("version") VALUES ($1)[0m  [["version", "20161219002140"]]
  [1m[35m (2.9ms)[0m  COMMIT
  [1m[36mActiveRecord::SchemaMigration Load (0.4ms)[0m  [1mSELECT "schema_migrations".* FROM "schema_migrations"[0m
  [1m[36mUser Load (6.4ms)[0m  [1mSELECT "users".* FROM "users"[0m
  [1m[35mCompany Load (3.7ms)[0m  SELECT "companies".* FROM "companies"
  [1m[36m (0.2ms)[0m  [1mBEGIN[0m
  [1m[35mSQL (8.2ms)[0m  INSERT INTO "companies" ("created_at", "updated_at") VALUES ($1, $2) RETURNING "id"  [["created_at", "2016-12-19 00:45:26.130291"], ["updated_at", "2016-12-19 00:45:26.130291"]]
  [1m[36m (5.8ms)[0m  [1mCOMMIT[0m
  [1m[35m (0.3ms)[0m  BEGIN
  [1m[36mSQL (0.4ms)[0m  [1mINSERT INTO "companies" ("created_at", "updated_at") VALUES ($1, $2) RETURNING "id"[0m  [["created_at", "2016-12-19 00:45:32.562519"], ["updated_at", "2016-12-19 00:45:32.562519"]]
  [1m[35m (2.4ms)[0m  COMMIT
  [1m[36mCompany Load (1.1ms)[0m  [1mSELECT  "companies".* FROM "companies"   ORDER BY "companies"."id" DESC LIMIT 1[0m
  [1m[35m (0.2ms)[0m  BEGIN
  [1m[36mSQL (0.5ms)[0m  [1mDELETE FROM "companies" WHERE "companies"."id" = $1[0m  [["id", 2]]
  [1m[35m (2.2ms)[0m  COMMIT
  [1m[36mCompany Load (1.5ms)[0m  [1mSELECT "companies".* FROM "companies"[0m
  [1m[35mCompany Load (0.7ms)[0m  SELECT  "companies".* FROM "companies"   ORDER BY "companies"."id" ASC LIMIT 1
  [1m[36m (0.2ms)[0m  [1mBEGIN[0m
  [1m[35mSQL (0.8ms)[0m  UPDATE "companies" SET "city" = $1, "name" = $2, "phone" = $3, "state" = $4, "street" = $5, "updated_at" = $6, "zip" = $7 WHERE "companies"."id" = 1  [["city", "Dallas"], ["name", "ABC Co."], ["phone", "555-5555"], ["state", "TX"], ["street", "1111 Main Street"], ["updated_at", "2016-12-19 00:47:05.927258"], ["zip", 75214]]
  [1m[36m (2.0ms)[0m  [1mCOMMIT[0m
  [1m[35mCompany Load (1.6ms)[0m  SELECT "companies".* FROM "companies"
  [1m[36mOrder Load (3.9ms)[0m  [1mSELECT "orders".* FROM "orders"[0m
  [1m[35mCompany Load (0.8ms)[0m  SELECT  "companies".* FROM "companies"   ORDER BY "companies"."id" ASC LIMIT 1
  [1m[36mOrder Load (0.6ms)[0m  [1mSELECT "orders".* FROM "orders" INNER JOIN "users" ON "orders"."user_id" = "users"."id" WHERE "users"."company_id" = $1[0m  [["company_id", 1]]
  [1m[35m (0.3ms)[0m  BEGIN
  [1m[36mSQL (0.4ms)[0m  [1mINSERT INTO "companies" ("city", "created_at", "name", "phone", "state", "street", "updated_at", "zip") VALUES ($1, $2, $3, $4, $5, $6, $7, $8) RETURNING "id"[0m  [["city", "Austin"], ["created_at", "2016-12-19 00:48:33.555242"], ["name", "Acme Company"], ["phone", "222-2222"], ["state", "TX"], ["street", "2222 First Street"], ["updated_at", "2016-12-19 00:48:33.555242"], ["zip", 78701]]
  [1m[35m (3.9ms)[0m  COMMIT
  [1m[36m (0.2ms)[0m  [1mBEGIN[0m
  [1m[35mSQL (0.5ms)[0m  INSERT INTO "companies" ("city", "created_at", "name", "phone", "state", "street", "updated_at", "zip") VALUES ($1, $2, $3, $4, $5, $6, $7, $8) RETURNING "id"  [["city", "Rowlet"], ["created_at", "2016-12-19 00:49:29.768326"], ["name", "Smith Brothers"], ["phone", "936-615-6662"], ["state", "TX"], ["street", "9709 Links Fairway Drive"], ["updated_at", "2016-12-19 00:49:29.768326"], ["zip", 75089]]
  [1m[36m (3.4ms)[0m  [1mCOMMIT[0m
  [1m[35mUser Load (1.5ms)[0m  SELECT "users".* FROM "users"
  [1m[36m (0.2ms)[0m  [1mBEGIN[0m
  [1m[35m (0.2ms)[0m  ROLLBACK
  [1m[36mUser Load (1.5ms)[0m  [1mSELECT "users".* FROM "users"[0m
  [1m[35m (0.2ms)[0m  BEGIN
  [1m[36mSQL (0.5ms)[0m  [1mINSERT INTO "users" ("company_id", "created_at", "email", "first", "last", "password_digest", "phone", "updated_at") VALUES ($1, $2, $3, $4, $5, $6, $7, $8) RETURNING "id"[0m  [["company_id", 4], ["created_at", "2016-12-19 00:50:59.562208"], ["email", "benfloydsmith@gmail.com"], ["first", "Ben"], ["last", "Smith"], ["password_digest", "$2a$10$59vG9PmfRWN4EJnBRWt.1eUMAwHQvQK5BPCojcLHGhJK1c0/Dm.Dq"], ["phone", "936-615-6663"], ["updated_at", "2016-12-19 00:50:59.562208"]]
  [1m[35m (2.3ms)[0m  COMMIT
  [1m[36mUser Load (1.4ms)[0m  [1mSELECT "users".* FROM "users"[0m
  [1m[35mCompany Load (1.7ms)[0m  SELECT  "companies".* FROM "companies"   ORDER BY "companies"."id" DESC LIMIT 1
  [1m[36mUser Load (0.4ms)[0m  [1mSELECT "users".* FROM "users"  WHERE "users"."company_id" = $1[0m  [["company_id", 4]]
  [1m[35mUser Load (0.7ms)[0m  SELECT  "users".* FROM "users"   ORDER BY "users"."id" ASC LIMIT 1
  [1m[36mUser Load (1.7ms)[0m  [1mSELECT  "users".* FROM "users"   ORDER BY "users"."id" ASC LIMIT 1[0m
  [1m[35mCompany Load (0.4ms)[0m  SELECT  "companies".* FROM "companies"  WHERE "companies"."id" = $1 LIMIT 1  [["id", 4]]
  [1m[36mCompany Load (1.7ms)[0m  [1mSELECT  "companies".* FROM "companies"   ORDER BY "companies"."id" DESC LIMIT 1[0m
  [1m[35mUser Load (0.6ms)[0m  SELECT "users".* FROM "users"  WHERE "users"."company_id" = $1  [["company_id", 4]]
  [1m[36m (0.2ms)[0m  [1mBEGIN[0m
  [1m[35mSQL (0.2ms)[0m  INSERT INTO "users" ("created_at", "email", "first", "last", "password_digest", "phone", "updated_at") VALUES ($1, $2, $3, $4, $5, $6, $7) RETURNING "id"  [["created_at", "2016-12-19 00:52:21.430449"], ["email", "chayden@gmail.com"], ["first", "Chayden"], ["last", "Feist"], ["password_digest", "$2a$10$RC2gGrYYEM8p/owdYb7Gq.rgGeVn37ofuSaUqRyZBFDNMTcEj.wTy"], ["phone", "325-330-0893"], ["updated_at", "2016-12-19 00:52:21.430449"]]
  [1m[36m (2.3ms)[0m  [1mCOMMIT[0m
  [1m[35m (0.2ms)[0m  BEGIN
  [1m[36mSQL (0.3ms)[0m  [1mINSERT INTO "users" ("created_at", "email", "first", "last", "password_digest", "phone", "updated_at") VALUES ($1, $2, $3, $4, $5, $6, $7) RETURNING "id"[0m  [["created_at", "2016-12-19 00:53:11.162140"], ["email", "derek@gmail.com"], ["first", "Derek"], ["last", "Reeder"], ["password_digest", "$2a$10$i/2ZXV55RR9m3s8XIoCyqeJVjFa//QAms2RsA7Pv2gMtiAlvpEt12"], ["phone", "254-443-1232"], ["updated_at", "2016-12-19 00:53:11.162140"]]
  [1m[35m (2.1ms)[0m  COMMIT
  [1m[36m (0.1ms)[0m  [1mBEGIN[0m
  [1m[35mSQL (0.3ms)[0m  INSERT INTO "users" ("company_id", "created_at", "email", "first", "last", "password_digest", "phone", "updated_at") VALUES ($1, $2, $3, $4, $5, $6, $7, $8) RETURNING "id"  [["company_id", 1], ["created_at", "2016-12-19 00:53:47.057911"], ["email", "ike@gmail.com"], ["first", "Ike"], ["last", "Fortner"], ["password_digest", "$2a$10$tBsUb.fU7S3emYJonIcFR.Xcwi93c2AJzB30HyKmggbKhAT2qXH0G"], ["phone", "254-493-1262"], ["updated_at", "2016-12-19 00:53:47.057911"]]
  [1m[36m (2.2ms)[0m  [1mCOMMIT[0m
  [1m[35mUser Load (1.5ms)[0m  SELECT "users".* FROM "users"
  [1m[36mUser Load (0.9ms)[0m  [1mSELECT  "users".* FROM "users"   ORDER BY "users"."id" ASC LIMIT 1 OFFSET 1[0m
  [1m[35m (0.3ms)[0m  BEGIN
  [1m[36mSQL (0.3ms)[0m  [1mUPDATE "users" SET "company_id" = $1, "updated_at" = $2 WHERE "users"."id" = 2[0m  [["company_id", 3], ["updated_at", "2016-12-19 00:54:17.827738"]]
  [1m[35m (2.2ms)[0m  COMMIT
  [1m[36mUser Load (1.7ms)[0m  [1mSELECT "users".* FROM "users"[0m
  [1m[35mUser Load (1.7ms)[0m  SELECT  "users".* FROM "users"   ORDER BY "users"."id" ASC LIMIT 1 OFFSET 2
  [1m[36m (0.2ms)[0m  [1mBEGIN[0m
  [1m[35mSQL (0.5ms)[0m  UPDATE "users" SET "company_id" = $1, "updated_at" = $2 WHERE "users"."id" = 3  [["company_id", 4], ["updated_at", "2016-12-19 00:54:53.036476"]]
  [1m[36m (2.2ms)[0m  [1mCOMMIT[0m
  [1m[35mUser Load (1.7ms)[0m  SELECT "users".* FROM "users"
  [1m[36mOrder Load (1.5ms)[0m  [1mSELECT "orders".* FROM "orders"[0m
  [1m[35m (1.0ms)[0m  BEGIN
  [1m[36mSQL (0.9ms)[0m  [1mINSERT INTO "orders" ("created_at", "updated_at") VALUES ($1, $2) RETURNING "id"[0m  [["created_at", "2016-12-19 00:55:05.557405"], ["updated_at", "2016-12-19 00:55:05.557405"]]
  [1m[35m (2.0ms)[0m  COMMIT
  [1m[36mOrder Load (1.1ms)[0m  [1mSELECT  "orders".* FROM "orders"   ORDER BY "orders"."id" ASC LIMIT 1[0m
  [1m[35m (0.2ms)[0m  BEGIN
  [1m[36mSQL (0.4ms)[0m  [1mUPDATE "orders" SET "company_id" = $1, "updated_at" = $2, "user_id" = $3 WHERE "orders"."id" = 1[0m  [["company_id", 3], ["updated_at", "2016-12-19 00:55:31.711033"], ["user_id", 1]]
  [1m[35m (2.2ms)[0m  COMMIT
  [1m[36mOrder Load (1.7ms)[0m  [1mSELECT "orders".* FROM "orders"[0m
  [1m[35mUser Load (2.2ms)[0m  SELECT  "users".* FROM "users"   ORDER BY "users"."id" ASC LIMIT 1
  [1m[36mOrder Load (0.4ms)[0m  [1mSELECT "orders".* FROM "orders"  WHERE "orders"."user_id" = $1[0m  [["user_id", 1]]
  [1m[35mOrder Load (1.9ms)[0m  SELECT  "orders".* FROM "orders"   ORDER BY "orders"."id" ASC LIMIT 1
  [1m[36mUser Load (0.4ms)[0m  [1mSELECT  "users".* FROM "users"  WHERE "users"."id" = $1 LIMIT 1[0m  [["id", 1]]
  [1m[35mOrder Load (0.6ms)[0m  SELECT  "orders".* FROM "orders"   ORDER BY "orders"."id" ASC LIMIT 1
  [1m[36mUser Load (0.3ms)[0m  [1mSELECT  "users".* FROM "users"  WHERE "users"."id" = $1 LIMIT 1[0m  [["id", 1]]
